Arguments: 
  /usr/local/bin/node /Users/Dragon/.yarn/bin/yarn.js add node-forge

PATH: 
  /usr/local/Cellar/ant/1.10.2/bin:/Users/Dragon/Library/Android/sdk/tools:/Users/Dragon/Library/Android/sdk/platform-tools:/Users/Dragon/Library/Android/sdk:/Users/Dragon/Documents/Source/cocos2dx/cocos2d-x-3.16/templates:/Users/Dragon/Documents/Source/cocos2dx:/Users/Dragon/Documents/Source/cocos2dx/cocos2d-x-3.16/tools/cocos2d-console/bin:/Users/Dragon/.yarn/bin:/Users/Dragon/anaconda3/bin:/Library/Frameworks/Python.framework/Versions/3.5/bin:/Users/Dragon/.autojump/bin:/usr/local/bin:/usr/bin:/bin:/usr/sbin:/sbin:/opt/X11/bin:/opt/apache-maven-3.3.9/bin:/Library/Java/JavaVirtualMachines/jdk1.8.0_101.jdk/Contents/Home/bin:/opt/apache-tomcat-9.0.0.M10/bin:/opt/mysql-5.7.13-osx10.11-x86_64/bin:/Users/Dragon/Library/Android/sdk/platform-tools:/Users/Dragon/Library/Android/sdk/tools:/Users/Dragon/.npm-global/lib/node_modules/weex-toolkit/bin:/Users/Dragon/.npm-global/lib/node_modules/weexpack/bin:/Users/Dragon/Library/Gradle/bin:/Users/Dragon/Documents/Source/ndk/android-ndk-r10e:/Applications/MacVim.app/Contents/bin

Yarn version: 
  1.3.2

Node version: 
  8.6.0

Platform: 
  darwin x64

npm manifest: 
  {
    "name": "iTablet",
    "version": "0.0.1",
    "private": true,
    "scripts": {
      "start-rn": "node node_modules/react-native/local-cli/cli.js start",
      "start": "react-native run-ios",
      "start:android": "react-native run-android",
      "start:reset": "react-native run-ios --no-packager & npm run start-rn -- --reset-cache",
      "start:android:reset": "react-native run-android --no-packager && npm run start-rn -- --reset-cache",
      "installRelease:android": "cd android && ./gradlew installRelease",
      "installDebug:android": "cd android && ./gradlew installDebug",
      "assembleRelease": "cd android && ./gradlew assembleRelease",
      "lint": "eslint src"
    },
    "dependencies": {
      "immutable": "^3.8.2",
      "react": "16.2.0",
      "react-native": "0.52.3",
      "react-native-actionsheet": "^2.4.2",
      "react-native-color-picker": "^0.4.0",
      "react-native-root-toast": "^3.0.1",
      "react-native-search-box": "^0.0.16",
      "react-native-swiper": "^1.5.13",
      "react-native-table-component": "^1.1.8",
      "react-native-view-shot": "^2.4.0",
      "react-navigation": "^1.5.11",
      "react-redux": "^5.0.7",
      "redux": "^4.0.0",
      "redux-actions": "^2.3.0",
      "redux-persist": "^5.9.1",
      "redux-promise-middleware": "^5.1.1",
      "redux-thunk": "^2.2.0"
    },
    "devDependencies": {
      "babel-eslint": "^8.2.5",
      "babel-jest": "23.0.1",
      "babel-plugin-module-resolver": "^3.1.1",
      "babel-plugin-transform-inline-environment-variables": "^0.4.3",
      "babel-preset-react-native": "4.0.0",
      "eslint": "^4.19.1",
      "eslint-config-airbnb": "^17.0.0",
      "eslint-plugin-import": "^2.13.0",
      "eslint-plugin-jsx-a11y": "^6.0.3",
      "eslint-plugin-react": "^7.10.0",
      "jest": "23.1.0",
      "react-test-renderer": "16.2.0"
    },
    "jest": {
      "preset": "react-native"
    }
  }

yarn manifest: 
  No manifest

Lockfile: 
  No lockfile

Trace: 
  Error: https://registry.yarnpkg.com/ua-parser-js: ETIMEDOUT
      at Timeout._onTimeout (/Users/Dragon/.yarn/lib/cli.js:123749:19)
      at ontimeout (timers.js:469:11)
      at tryOnTimeout (timers.js:304:5)
      at Timer.listOnTimeout (timers.js:264:5)
